# JRE version: Java(TM) SE Runtime Environment (8.0_60-b27) (build 1.8.0_60-b27)
# Java VM: Java HotSpot(TM) 64-Bit Server VM (25.60-b23 mixed mode windows-amd64 compressed oops)
Heap:
 PSYoungGen      total 35328K, used 27589K [0x00000000eb400000, 0x00000000ed900000, 0x0000000100000000)
  eden space 32768K, 76% used [0x00000000eb400000,0x00000000ecc74600,0x00000000ed400000)
  from space 2560K, 99% used [0x00000000ed680000,0x00000000ed8fcf10,0x00000000ed900000)
  to   space 2560K, 0% used [0x00000000ed400000,0x00000000ed400000,0x00000000ed680000)
 ParOldGen       total 44032K, used 10386K [0x00000000c1c00000, 0x00000000c4700000, 0x00000000eb400000)
  object space 44032K, 23% used [0x00000000c1c00000,0x00000000c2624b48,0x00000000c4700000)
 Metaspace       used 13660K, capacity 13914K, committed 14208K, reserved 1062912K
  class space    used 1314K, capacity 1378K, committed 1408K, reserved 1048576K
GC Heap History (8 events):
Event: 5.803 GC heap before
{Heap before GC invocations=1 (full 0):
 PSYoungGen      total 18944K, used 16384K [0x00000000eb400000, 0x00000000ec900000, 0x0000000100000000)
  eden space 16384K, 100% used [0x00000000eb400000,0x00000000ec400000,0x00000000ec400000)
  from space 2560K, 0% used [0x00000000ec680000,0x00000000ec680000,0x00000000ec900000)
  to   space 2560K, 0% used [0x00000000ec400000,0x00000000ec400000,0x00000000ec680000)
 ParOldGen       total 44032K, used 0K [0x00000000c1c00000, 0x00000000c4700000, 0x00000000eb400000)
  object space 44032K, 0% used [0x00000000c1c00000,0x00000000c1c00000,0x00000000c4700000)
 Metaspace       used 12181K, capacity 12410K, committed 12544K, reserved 1060864K
  class space    used 1170K, capacity 1218K, committed 1280K, reserved 1048576K
Event: 5.822 GC heap after
Heap after GC invocations=1 (full 0):
 PSYoungGen      total 18944K, used 2541K [0x00000000eb400000, 0x00000000ec900000, 0x0000000100000000)
  eden space 16384K, 0% used [0x00000000eb400000,0x00000000eb400000,0x00000000ec400000)
  from space 2560K, 99% used [0x00000000ec400000,0x00000000ec67b620,0x00000000ec680000)
  to   space 2560K, 0% used [0x00000000ec680000,0x00000000ec680000,0x00000000ec900000)
 ParOldGen       total 44032K, used 474K [0x00000000c1c00000, 0x00000000c4700000, 0x00000000eb400000)
  object space 44032K, 1% used [0x00000000c1c00000,0x00000000c1c76bf8,0x00000000c4700000)
 Metaspace       used 12181K, capacity 12410K, committed 12544K, reserved 1060864K
  class space    used 1170K, capacity 1218K, committed 1280K, reserved 1048576K
}
Event: 7.142 GC heap before
{Heap before GC invocations=2 (full 0):
 PSYoungGen      total 18944K, used 18925K [0x00000000eb400000, 0x00000000ec900000, 0x0000000100000000)
  eden space 16384K, 100% used [0x00000000eb400000,0x00000000ec400000,0x00000000ec400000)
  from space 2560K, 99% used [0x00000000ec400000,0x00000000ec67b620,0x00000000ec680000)
  to   space 2560K, 0% used [0x00000000ec680000,0x00000000ec680000,0x00000000ec900000)
 ParOldGen       total 44032K, used 474K [0x00000000c1c00000, 0x00000000c4700000, 0x00000000eb400000)
  object space 44032K, 1% used [0x00000000c1c00000,0x00000000c1c76bf8,0x00000000c4700000)
 Metaspace       used 13370K, capacity 13594K, committed 13696K, reserved 1060864K
  class space    used 1295K, capacity 1378K, committed 1408K, reserved 1048576K
Event: 7.159 GC heap after
Heap after GC invocations=2 (full 0):
 PSYoungGen      total 18944K, used 2531K [0x00000000eb400000, 0x00000000ec900000, 0x0000000100000000)
  eden space 16384K, 0% used [0x00000000eb400000,0x00000000eb400000,0x00000000ec400000)
  from space 2560K, 98% used [0x00000000ec680000,0x00000000ec8f8d48,0x00000000ec900000)
  to   space 2560K, 0% used [0x00000000ec400000,0x00000000ec400000,0x00000000ec680000)
 ParOldGen       total 44032K, used 2008K [0x00000000c1c00000, 0x00000000c4700000, 0x00000000eb400000)
  object space 44032K, 4% used [0x00000000c1c00000,0x00000000c1df6110,0x00000000c4700000)
 Metaspace       used 13370K, capacity 13594K, committed 13696K, reserved 1060864K
  class space    used 1295K, capacity 1378K, committed 1408K, reserved 1048576K
}
Event: 7.785 GC heap before
{Heap before GC invocations=3 (full 0):
 PSYoungGen      total 18944K, used 18915K [0x00000000eb400000, 0x00000000ec900000, 0x0000000100000000)
  eden space 16384K, 100% used [0x00000000eb400000,0x00000000ec400000,0x00000000ec400000)
  from space 2560K, 98% used [0x00000000ec680000,0x00000000ec8f8d48,0x00000000ec900000)
  to   space 2560K, 0% used [0x00000000ec400000,0x00000000ec400000,0x00000000ec680000)
 ParOldGen       total 44032K, used 2008K [0x00000000c1c00000, 0x00000000c4700000, 0x00000000eb400000)
  object space 44032K, 4% used [0x00000000c1c00000,0x00000000c1df6110,0x00000000c4700000)
 Metaspace       used 13558K, capacity 13786K, committed 13952K, reserved 1062912K
  class space    used 1312K, capacity 1378K, committed 1408K, reserved 1048576K
Event: 7.812 GC heap after
Heap after GC invocations=3 (full 0):
 PSYoungGen      total 18944K, used 2552K [0x00000000eb400000, 0x00000000ed900000, 0x0000000100000000)
  eden space 16384K, 0% used [0x00000000eb400000,0x00000000eb400000,0x00000000ec400000)
  from space 2560K, 99% used [0x00000000ec400000,0x00000000ec67e2d8,0x00000000ec680000)
  to   space 2560K, 0% used [0x00000000ed680000,0x00000000ed680000,0x00000000ed900000)
 ParOldGen       total 44032K, used 4560K [0x00000000c1c00000, 0x00000000c4700000, 0x00000000eb400000)
  object space 44032K, 10% used [0x00000000c1c00000,0x00000000c2074290,0x00000000c4700000)
 Metaspace       used 13558K, capacity 13786K, committed 13952K, reserved 1062912K
  class space    used 1312K, capacity 1378K, committed 1408K, reserved 1048576K
}
Event: 8.220 GC heap before
{Heap before GC invocations=4 (full 0):
 PSYoungGen      total 18944K, used 17799K [0x00000000eb400000, 0x00000000ed900000, 0x0000000100000000)
  eden space 16384K, 93% used [0x00000000eb400000,0x00000000ec2e3c48,0x00000000ec400000)
  from space 2560K, 99% used [0x00000000ec400000,0x00000000ec67e2d8,0x00000000ec680000)
  to   space 2560K, 0% used [0x00000000ed680000,0x00000000ed680000,0x00000000ed900000)
 ParOldGen       total 44032K, used 4560K [0x00000000c1c00000, 0x00000000c4700000, 0x00000000eb400000)
  object space 44032K, 10% used [0x00000000c1c00000,0x00000000c2074290,0x00000000c4700000)
 Metaspace       used 13582K, capacity 13850K, committed 13952K, reserved 1062912K
  class space    used 1312K, capacity 1378K, committed 1408K, reserved 1048576K
Event: 8.245 GC heap after
Heap after GC invocations=4 (full 0):
 PSYoungGen      total 35328K, used 2547K [0x00000000eb400000, 0x00000000ed900000, 0x0000000100000000)
  eden space 32768K, 0% used [0x00000000eb400000,0x00000000eb400000,0x00000000ed400000)
  from space 2560K, 99% used [0x00000000ed680000,0x00000000ed8fcf10,0x00000000ed900000)
  to   space 2560K, 0% used [0x00000000ed400000,0x00000000ed400000,0x00000000ed680000)
 ParOldGen       total 44032K, used 10386K [0x00000000c1c00000, 0x00000000c4700000, 0x00000000eb400000)
  object space 44032K, 23% used [0x00000000c1c00000,0x00000000c2624b48,0x00000000c4700000)
 Metaspace       used 13582K, capacity 13850K, committed 13952K, reserved 1062912K
  class space    used 1312K, capacity 1378K, committed 1408K, reserved 1048576K
}

